<html>
<head>
<title>TestNG:  HomePageTest</title>
<link href="../testng.css" rel="stylesheet" type="text/css" />
<link href="../my-testng.css" rel="stylesheet" type="text/css" />

<style type="text/css">
.log { display: none;} 
.stack-trace { display: none;} 
</style>
<script type="text/javascript">
<!--
function flip(e) {
  current = e.style.display;
  if (current == 'block') {
    e.style.display = 'none';
    return 0;
  }
  else {
    e.style.display = 'block';
    return 1;
  }
}

function toggleBox(szDivId, elem, msg1, msg2)
{
  var res = -1;  if (document.getElementById) {
    res = flip(document.getElementById(szDivId));
  }
  else if (document.all) {
    // this is the way old msie versions work
    res = flip(document.all[szDivId]);
  }
  if(elem) {
    if(res == 0) elem.innerHTML = msg1; else elem.innerHTML = msg2;
  }

}

function toggleAllBoxes() {
  if (document.getElementsByTagName) {
    d = document.getElementsByTagName('div');
    for (i = 0; i < d.length; i++) {
      if (d[i].className == 'log') {
        flip(d[i]);
      }
    }
  }
}

// -->
</script>

</head>
<body>
<h2 align='center'>HomePageTest</h2><table border='1' align="center">
<tr>
<td>Tests passed/Failed/Skipped:</td><td>5/0/5</td>
</tr><tr>
<td>Started on:</td><td>Thu Mar 29 11:27:50 IST 2018</td>
</tr>
<tr><td>Total time:</td><td>348 seconds (348840 ms)</td>
</tr><tr>
<td>Included groups:</td><td></td>
</tr><tr>
<td>Excluded groups:</td><td></td>
</tr>
</table><p/>
<small><i>(Hover the method name to see the test class name)</i></small><p/>
<table width='100%' border='1' class='invocation-passed'>
<tr><td colspan='4' align='center'><b>PASSED TESTS</b></td></tr>
<tr><td><b>Test method</b></td>
<td width="30%"><b>Exception</b></td>
<td width="10%"><b>Time (seconds)</b></td>
<td><b>Instance</b></td>
</tr>
<tr>
<td title='com.test.automation.uiautomation.homepage.TC002_Registration.registrationuser()'><b>registrationuser</b><br>Test class: com.test.automation.uiautomation.homepage.TC002_Registration<br/>
<a href="#Output-1398241764" onClick='toggleBox("Output-1398241764", this, "Show output", "Hide output");'>Show output</a>

<a href="#Output-1398241764" onClick="toggleAllBoxes();">Show all outputs</a>
<div class='log' id="Output-1398241764">
org.openqa.selenium.NoSuchElementException: no such element: Unable to locate element: {"method":"id","selector":"id_gender1"}
  (Session info: chrome=65.0.3325.181)
  (Driver info: chromedriver=2.36.540470 (e522d04694c7ebea4ba8821272dbef4f9b818c91),platform=Windows NT 6.3.9600 x86_64) (WARNING: The server did not provide any stacktrace information)
Command duration or timeout: 0 milliseconds
For documentation on this error, please visit: http://seleniumhq.org/exceptions/no_such_element.html
Build info: version: '3.10.0', revision: '176b4a9', time: '2018-03-02T19:03:16.397Z'
System info: host: 'SANTY', ip: '192.168.56.1', os.name: 'Windows 8.1', os.arch: 'amd64', os.version: '6.3', java.version: '1.8.0_121'
Driver info: org.openqa.selenium.chrome.ChromeDriver
Capabilities {acceptInsecureCerts: false, acceptSslCerts: false, applicationCacheEnabled: false, browserConnectionEnabled: false, browserName: chrome, chrome: {chromedriverVersion: 2.36.540470 (e522d04694c7eb..., userDataDir: C:\Users\santhosh\AppData\L...}, cssSelectorsEnabled: true, databaseEnabled: false, handlesAlerts: true, hasTouchScreen: false, javascriptEnabled: true, locationContextEnabled: true, mobileEmulationEnabled: false, nativeEvents: true, networkConnectionEnabled: false, pageLoadStrategy: normal, platform: XP, platformName: XP, rotatable: false, setWindowRect: true, takesHeapSnapshot: true, takesScreenshot: true, unexpectedAlertBehaviour: , unhandledPromptBehavior: , version: 65.0.3325.181, webStorageEnabled: true}
Session ID: d1ea33c50b6efba7921b058fad1db57d
*** Element info: {Using=id, value=id_gender1}<br/>
</div>
</td>
<td></td>
<td>63</td>
<td>com.test.automation.uiautomation.homepage.TC002_Registration@1d8d30f7</td></tr>
<tr>
<td title='com.test.automation.uiautomation.homepage.TC001_VerifyLoginwithInvalidCredentials.verifyLoginwithInvalidCredentials()'><b>verifyLoginwithInvalidCredentials</b><br>Test class: com.test.automation.uiautomation.homepage.TC001_VerifyLoginwithInvalidCredentials<br/>
<a href="#Output-1822525972" onClick='toggleBox("Output-1822525972", this, "Show output", "Hide output");'>Show output</a>

<a href="#Output-1822525972" onClick="toggleAllBoxes();">Show all outputs</a>
<div class='log' id="Output-1822525972">
Clicked signin Button and object is :[[ChromeDriver: chrome on XP (48c3df0c0cc9d82e680a0d1c9d08d6b9)] -> class name: login]<br/>
Entered Email Address and object is :[[ChromeDriver: chrome on XP (48c3df0c0cc9d82e680a0d1c9d08d6b9)] -> id: email]<br/>
Entered Password and object is :[[ChromeDriver: chrome on XP (48c3df0c0cc9d82e680a0d1c9d08d6b9)] -> id: passwd]<br/>
Clicked Submit Button and object is :[[ChromeDriver: chrome on XP (48c3df0c0cc9d82e680a0d1c9d08d6b9)] -> xpath: //*[@id="SubmitLogin"]]<br/>
Error Message is :Authentication failed.<br/>
<a href='C:\Users\santhosh\Desktop\Selenium\uiautomation\src\main\java\com\test\automation\uiAutomation\screenshot\verifyLoginwithInvalidCredentials_29_03_2018_11_28_53.png'> <img src='C:\Users\santhosh\Desktop\Selenium\uiautomation\src\main\java\com\test\automation\uiAutomation\screenshot\verifyLoginwithInvalidCredentials_29_03_2018_11_28_53.png' height='100' width='100'/> </a><br/>
</div>
</td>
<td></td>
<td>5</td>
<td>com.test.automation.uiautomation.homepage.TC001_VerifyLoginwithInvalidCredentials@27808f31</td></tr>
<tr>
<td title='com.test.automation.uiautomation.homepage.TC003_VerifyLoginwithvalidCredentials.verifyLoginwithvalidCredentials()'><b>verifyLoginwithvalidCredentials</b><br>Test class: com.test.automation.uiautomation.homepage.TC003_VerifyLoginwithvalidCredentials<br/>
<a href="#Output-125844477" onClick='toggleBox("Output-125844477", this, "Show output", "Hide output");'>Show output</a>

<a href="#Output-125844477" onClick="toggleAllBoxes();">Show all outputs</a>
<div class='log' id="Output-125844477">
Clicked signin Button and object is :[[ChromeDriver: chrome on XP (adf37b4bb66d49f4260ececf2dc046cf)] -> class name: login]<br/>
Entered Email Address and object is :[[ChromeDriver: chrome on XP (adf37b4bb66d49f4260ececf2dc046cf)] -> id: email]<br/>
Entered Password and object is :[[ChromeDriver: chrome on XP (adf37b4bb66d49f4260ececf2dc046cf)] -> id: passwd]<br/>
Clicked Submit Button and object is :Proxy element for: DefaultElementLocator 'By.xpath: //*[@id="SubmitLogin"]'<br/>
</div>
</td>
<td></td>
<td>67</td>
<td>com.test.automation.uiautomation.homepage.TC003_VerifyLoginwithvalidCredentials@436e852b</td></tr>
<tr>
<td title='com.test.automation.uiautomation.homepage.TC004_VerifywithDifferentRecords.verifywithDifferentRecords()'><b>verifywithDifferentRecords</b><br>Test class: com.test.automation.uiautomation.homepage.TC004_VerifywithDifferentRecords<br>Parameters: Test1@dsfhd.com, yeuweyu, y<br/>
<a href="#Output-179808568" onClick='toggleBox("Output-179808568", this, "Show output", "Hide output");'>Show output</a>

<a href="#Output-179808568" onClick="toggleAllBoxes();">Show all outputs</a>
<div class='log' id="Output-179808568">
Clicked signin Button and object is :[[ChromeDriver: chrome on XP (62e902dd766788cce33f5d7a5d569c9e)] -> class name: login]<br/>
Entered Email Address and object is :[[ChromeDriver: chrome on XP (62e902dd766788cce33f5d7a5d569c9e)] -> id: email]<br/>
Entered Password and object is :[[ChromeDriver: chrome on XP (62e902dd766788cce33f5d7a5d569c9e)] -> id: passwd]<br/>
Clicked Submit Button and object is :Proxy element for: DefaultElementLocator 'By.xpath: //*[@id="SubmitLogin"]'<br/>
<a href='C:\Users\santhosh\Desktop\Selenium\uiautomation\src\main\java\com\test\automation\uiAutomation\screenshot\verifyLoginWithDifferentRecords_29_03_2018_11_32_31.png'> <img src='C:\Users\santhosh\Desktop\Selenium\uiautomation\src\main\java\com\test\automation\uiAutomation\screenshot\verifyLoginWithDifferentRecords_29_03_2018_11_32_31.png' height='100' width='100'/> </a><br/>
</div>
</td>
<td></td>
<td>67</td>
<td>com.test.automation.uiautomation.homepage.TC004_VerifywithDifferentRecords@32d2fa64</td></tr>
<tr>
<td title='com.test.automation.uiautomation.homepage.TC004_VerifywithDifferentRecords.verifywithDifferentRecords()'><b>verifywithDifferentRecords</b><br>Test class: com.test.automation.uiautomation.homepage.TC004_VerifywithDifferentRecords<br>Parameters: Test1@dsfhd.com, yeuweyu, y<br/>
<a href="#Output-488600086" onClick='toggleBox("Output-488600086", this, "Show output", "Hide output");'>Show output</a>

<a href="#Output-488600086" onClick="toggleAllBoxes();">Show all outputs</a>
<div class='log' id="Output-488600086">
Clicked signin Button and object is :[[ChromeDriver: chrome on XP (62e902dd766788cce33f5d7a5d569c9e)] -> class name: login]<br/>
Entered Email Address and object is :[[ChromeDriver: chrome on XP (62e902dd766788cce33f5d7a5d569c9e)] -> id: email]<br/>
Entered Password and object is :[[ChromeDriver: chrome on XP (62e902dd766788cce33f5d7a5d569c9e)] -> id: passwd]<br/>
Clicked Submit Button and object is :Proxy element for: DefaultElementLocator 'By.xpath: //*[@id="SubmitLogin"]'<br/>
<a href='C:\Users\santhosh\Desktop\Selenium\uiautomation\src\main\java\com\test\automation\uiAutomation\screenshot\verifyLoginWithDifferentRecords_29_03_2018_11_33_37.png'> <img src='C:\Users\santhosh\Desktop\Selenium\uiautomation\src\main\java\com\test\automation\uiAutomation\screenshot\verifyLoginWithDifferentRecords_29_03_2018_11_33_37.png' height='100' width='100'/> </a><br/>
</div>
</td>
<td></td>
<td>66</td>
<td>com.test.automation.uiautomation.homepage.TC004_VerifywithDifferentRecords@32d2fa64</td></tr>
</table><p>
<table width='100%' border='1' class='invocation-skipped'>
<tr><td colspan='4' align='center'><b>SKIPPED TESTS</b></td></tr>
<tr><td><b>Test method</b></td>
<td width="30%"><b>Exception</b></td>
<td width="10%"><b>Time (seconds)</b></td>
<td><b>Instance</b></td>
</tr>
<tr>
<td title='com.test.automation.uiautomation.homepage.TC004_VerifywithDifferentRecords.verifywithDifferentRecords()'><b>verifywithDifferentRecords</b><br>Test class: com.test.automation.uiautomation.homepage.TC004_VerifywithDifferentRecords<br>Parameters: Test1@dsfhd.com, yeuweyu, n</td>
<td><div><pre>org.testng.SkipException: user marked this record as no run
	at com.test.automation.uiautomation.homepage.TC004_VerifywithDifferentRecords.verifywithDifferentRecords(TC004_VerifywithDifferentRecords.java:37)
... Removed 25 stack frames</pre></div><a href='#' onClick='toggleBox("stack-trace2123914473", this, "Click to show all stack frames", "Click to hide stack frames")'>Click to show all stack frames</a>
<div class='stack-trace' id='stack-trace2123914473'><pre>org.testng.SkipException: user marked this record as no run
	at com.test.automation.uiautomation.homepage.TC004_VerifywithDifferentRecords.verifywithDifferentRecords(TC004_VerifywithDifferentRecords.java:37)
	at sun.reflect.NativeMethodAccessorImpl.invoke0(Native Method)
	at sun.reflect.NativeMethodAccessorImpl.invoke(NativeMethodAccessorImpl.java:62)
	at sun.reflect.DelegatingMethodAccessorImpl.invoke(DelegatingMethodAccessorImpl.java:43)
	at java.lang.reflect.Method.invoke(Method.java:498)
	at org.testng.internal.MethodInvocationHelper.invokeMethod(MethodInvocationHelper.java:124)
	at org.testng.internal.Invoker.invokeMethod(Invoker.java:571)
	at org.testng.internal.Invoker.invokeTestMethod(Invoker.java:707)
	at org.testng.internal.Invoker.invokeTestMethods(Invoker.java:979)
	at org.testng.internal.TestMethodWorker.invokeTestMethods(TestMethodWorker.java:125)
	at org.testng.internal.TestMethodWorker.run(TestMethodWorker.java:109)
	at org.testng.TestRunner.privateRun(TestRunner.java:648)
	at org.testng.TestRunner.run(TestRunner.java:505)
	at org.testng.SuiteRunner.runTest(SuiteRunner.java:455)
	at org.testng.SuiteRunner.runSequentially(SuiteRunner.java:450)
	at org.testng.SuiteRunner.privateRun(SuiteRunner.java:415)
	at org.testng.SuiteRunner.run(SuiteRunner.java:364)
	at org.testng.SuiteRunnerWorker.runSuite(SuiteRunnerWorker.java:52)
	at org.testng.SuiteRunnerWorker.run(SuiteRunnerWorker.java:84)
	at org.testng.TestNG.runSuitesSequentially(TestNG.java:1187)
	at org.testng.TestNG.runSuitesLocally(TestNG.java:1116)
	at org.testng.TestNG.runSuites(TestNG.java:1028)
	at org.testng.TestNG.run(TestNG.java:996)
	at org.testng.remote.AbstractRemoteTestNG.run(AbstractRemoteTestNG.java:114)
	at org.testng.remote.RemoteTestNG.initAndRun(RemoteTestNG.java:251)
	at org.testng.remote.RemoteTestNG.main(RemoteTestNG.java:77)
</pre></div></td>
<td>0</td>
<td>com.test.automation.uiautomation.homepage.TC004_VerifywithDifferentRecords@32d2fa64</td></tr>
<tr>
<td title='com.test.automation.uiautomation.homepage.TC004_VerifywithDifferentRecords.verifywithDifferentRecords()'><b>verifywithDifferentRecords</b><br>Test class: com.test.automation.uiautomation.homepage.TC004_VerifywithDifferentRecords<br>Parameters: Test1@dsfhd.com, yeuweyu, n</td>
<td><div><pre>org.testng.SkipException: user marked this record as no run
	at com.test.automation.uiautomation.homepage.TC004_VerifywithDifferentRecords.verifywithDifferentRecords(TC004_VerifywithDifferentRecords.java:37)
... Removed 25 stack frames</pre></div><a href='#' onClick='toggleBox("stack-trace832145584", this, "Click to show all stack frames", "Click to hide stack frames")'>Click to show all stack frames</a>
<div class='stack-trace' id='stack-trace832145584'><pre>org.testng.SkipException: user marked this record as no run
	at com.test.automation.uiautomation.homepage.TC004_VerifywithDifferentRecords.verifywithDifferentRecords(TC004_VerifywithDifferentRecords.java:37)
	at sun.reflect.NativeMethodAccessorImpl.invoke0(Native Method)
	at sun.reflect.NativeMethodAccessorImpl.invoke(NativeMethodAccessorImpl.java:62)
	at sun.reflect.DelegatingMethodAccessorImpl.invoke(DelegatingMethodAccessorImpl.java:43)
	at java.lang.reflect.Method.invoke(Method.java:498)
	at org.testng.internal.MethodInvocationHelper.invokeMethod(MethodInvocationHelper.java:124)
	at org.testng.internal.Invoker.invokeMethod(Invoker.java:571)
	at org.testng.internal.Invoker.invokeTestMethod(Invoker.java:707)
	at org.testng.internal.Invoker.invokeTestMethods(Invoker.java:979)
	at org.testng.internal.TestMethodWorker.invokeTestMethods(TestMethodWorker.java:125)
	at org.testng.internal.TestMethodWorker.run(TestMethodWorker.java:109)
	at org.testng.TestRunner.privateRun(TestRunner.java:648)
	at org.testng.TestRunner.run(TestRunner.java:505)
	at org.testng.SuiteRunner.runTest(SuiteRunner.java:455)
	at org.testng.SuiteRunner.runSequentially(SuiteRunner.java:450)
	at org.testng.SuiteRunner.privateRun(SuiteRunner.java:415)
	at org.testng.SuiteRunner.run(SuiteRunner.java:364)
	at org.testng.SuiteRunnerWorker.runSuite(SuiteRunnerWorker.java:52)
	at org.testng.SuiteRunnerWorker.run(SuiteRunnerWorker.java:84)
	at org.testng.TestNG.runSuitesSequentially(TestNG.java:1187)
	at org.testng.TestNG.runSuitesLocally(TestNG.java:1116)
	at org.testng.TestNG.runSuites(TestNG.java:1028)
	at org.testng.TestNG.run(TestNG.java:996)
	at org.testng.remote.AbstractRemoteTestNG.run(AbstractRemoteTestNG.java:114)
	at org.testng.remote.RemoteTestNG.initAndRun(RemoteTestNG.java:251)
	at org.testng.remote.RemoteTestNG.main(RemoteTestNG.java:77)
</pre></div></td>
<td>0</td>
<td>com.test.automation.uiautomation.homepage.TC004_VerifywithDifferentRecords@32d2fa64</td></tr>
<tr>
<td title='com.test.automation.uiautomation.homepage.TC004_VerifywithDifferentRecords.verifywithDifferentRecords()'><b>verifywithDifferentRecords</b><br>Test class: com.test.automation.uiautomation.homepage.TC004_VerifywithDifferentRecords<br>Parameters: Test1@dsfhd.com, yeuweyu, n</td>
<td><div><pre>org.testng.SkipException: user marked this record as no run
	at com.test.automation.uiautomation.homepage.TC004_VerifywithDifferentRecords.verifywithDifferentRecords(TC004_VerifywithDifferentRecords.java:37)
... Removed 25 stack frames</pre></div><a href='#' onClick='toggleBox("stack-trace2116299597", this, "Click to show all stack frames", "Click to hide stack frames")'>Click to show all stack frames</a>
<div class='stack-trace' id='stack-trace2116299597'><pre>org.testng.SkipException: user marked this record as no run
	at com.test.automation.uiautomation.homepage.TC004_VerifywithDifferentRecords.verifywithDifferentRecords(TC004_VerifywithDifferentRecords.java:37)
	at sun.reflect.NativeMethodAccessorImpl.invoke0(Native Method)
	at sun.reflect.NativeMethodAccessorImpl.invoke(NativeMethodAccessorImpl.java:62)
	at sun.reflect.DelegatingMethodAccessorImpl.invoke(DelegatingMethodAccessorImpl.java:43)
	at java.lang.reflect.Method.invoke(Method.java:498)
	at org.testng.internal.MethodInvocationHelper.invokeMethod(MethodInvocationHelper.java:124)
	at org.testng.internal.Invoker.invokeMethod(Invoker.java:571)
	at org.testng.internal.Invoker.invokeTestMethod(Invoker.java:707)
	at org.testng.internal.Invoker.invokeTestMethods(Invoker.java:979)
	at org.testng.internal.TestMethodWorker.invokeTestMethods(TestMethodWorker.java:125)
	at org.testng.internal.TestMethodWorker.run(TestMethodWorker.java:109)
	at org.testng.TestRunner.privateRun(TestRunner.java:648)
	at org.testng.TestRunner.run(TestRunner.java:505)
	at org.testng.SuiteRunner.runTest(SuiteRunner.java:455)
	at org.testng.SuiteRunner.runSequentially(SuiteRunner.java:450)
	at org.testng.SuiteRunner.privateRun(SuiteRunner.java:415)
	at org.testng.SuiteRunner.run(SuiteRunner.java:364)
	at org.testng.SuiteRunnerWorker.runSuite(SuiteRunnerWorker.java:52)
	at org.testng.SuiteRunnerWorker.run(SuiteRunnerWorker.java:84)
	at org.testng.TestNG.runSuitesSequentially(TestNG.java:1187)
	at org.testng.TestNG.runSuitesLocally(TestNG.java:1116)
	at org.testng.TestNG.runSuites(TestNG.java:1028)
	at org.testng.TestNG.run(TestNG.java:996)
	at org.testng.remote.AbstractRemoteTestNG.run(AbstractRemoteTestNG.java:114)
	at org.testng.remote.RemoteTestNG.initAndRun(RemoteTestNG.java:251)
	at org.testng.remote.RemoteTestNG.main(RemoteTestNG.java:77)
</pre></div></td>
<td>0</td>
<td>com.test.automation.uiautomation.homepage.TC004_VerifywithDifferentRecords@32d2fa64</td></tr>
<tr>
<td title='com.test.automation.uiautomation.homepage.TC004_VerifywithDifferentRecords.verifywithDifferentRecords()'><b>verifywithDifferentRecords</b><br>Test class: com.test.automation.uiautomation.homepage.TC004_VerifywithDifferentRecords<br>Parameters: Test1@dsfhd.com, yeuweyu, n</td>
<td><div><pre>org.testng.SkipException: user marked this record as no run
	at com.test.automation.uiautomation.homepage.TC004_VerifywithDifferentRecords.verifywithDifferentRecords(TC004_VerifywithDifferentRecords.java:37)
... Removed 25 stack frames</pre></div><a href='#' onClick='toggleBox("stack-trace1135935001", this, "Click to show all stack frames", "Click to hide stack frames")'>Click to show all stack frames</a>
<div class='stack-trace' id='stack-trace1135935001'><pre>org.testng.SkipException: user marked this record as no run
	at com.test.automation.uiautomation.homepage.TC004_VerifywithDifferentRecords.verifywithDifferentRecords(TC004_VerifywithDifferentRecords.java:37)
	at sun.reflect.NativeMethodAccessorImpl.invoke0(Native Method)
	at sun.reflect.NativeMethodAccessorImpl.invoke(NativeMethodAccessorImpl.java:62)
	at sun.reflect.DelegatingMethodAccessorImpl.invoke(DelegatingMethodAccessorImpl.java:43)
	at java.lang.reflect.Method.invoke(Method.java:498)
	at org.testng.internal.MethodInvocationHelper.invokeMethod(MethodInvocationHelper.java:124)
	at org.testng.internal.Invoker.invokeMethod(Invoker.java:571)
	at org.testng.internal.Invoker.invokeTestMethod(Invoker.java:707)
	at org.testng.internal.Invoker.invokeTestMethods(Invoker.java:979)
	at org.testng.internal.TestMethodWorker.invokeTestMethods(TestMethodWorker.java:125)
	at org.testng.internal.TestMethodWorker.run(TestMethodWorker.java:109)
	at org.testng.TestRunner.privateRun(TestRunner.java:648)
	at org.testng.TestRunner.run(TestRunner.java:505)
	at org.testng.SuiteRunner.runTest(SuiteRunner.java:455)
	at org.testng.SuiteRunner.runSequentially(SuiteRunner.java:450)
	at org.testng.SuiteRunner.privateRun(SuiteRunner.java:415)
	at org.testng.SuiteRunner.run(SuiteRunner.java:364)
	at org.testng.SuiteRunnerWorker.runSuite(SuiteRunnerWorker.java:52)
	at org.testng.SuiteRunnerWorker.run(SuiteRunnerWorker.java:84)
	at org.testng.TestNG.runSuitesSequentially(TestNG.java:1187)
	at org.testng.TestNG.runSuitesLocally(TestNG.java:1116)
	at org.testng.TestNG.runSuites(TestNG.java:1028)
	at org.testng.TestNG.run(TestNG.java:996)
	at org.testng.remote.AbstractRemoteTestNG.run(AbstractRemoteTestNG.java:114)
	at org.testng.remote.RemoteTestNG.initAndRun(RemoteTestNG.java:251)
	at org.testng.remote.RemoteTestNG.main(RemoteTestNG.java:77)
</pre></div></td>
<td>0</td>
<td>com.test.automation.uiautomation.homepage.TC004_VerifywithDifferentRecords@32d2fa64</td></tr>
<tr>
<td title='com.test.automation.uiautomation.homepage.TC004_VerifywithDifferentRecords.verifywithDifferentRecords()'><b>verifywithDifferentRecords</b><br>Test class: com.test.automation.uiautomation.homepage.TC004_VerifywithDifferentRecords<br>Parameters: Test1@dsfhd.com, yeuweyu, n</td>
<td><div><pre>org.testng.SkipException: user marked this record as no run
	at com.test.automation.uiautomation.homepage.TC004_VerifywithDifferentRecords.verifywithDifferentRecords(TC004_VerifywithDifferentRecords.java:37)
... Removed 25 stack frames</pre></div><a href='#' onClick='toggleBox("stack-trace1321115948", this, "Click to show all stack frames", "Click to hide stack frames")'>Click to show all stack frames</a>
<div class='stack-trace' id='stack-trace1321115948'><pre>org.testng.SkipException: user marked this record as no run
	at com.test.automation.uiautomation.homepage.TC004_VerifywithDifferentRecords.verifywithDifferentRecords(TC004_VerifywithDifferentRecords.java:37)
	at sun.reflect.NativeMethodAccessorImpl.invoke0(Native Method)
	at sun.reflect.NativeMethodAccessorImpl.invoke(NativeMethodAccessorImpl.java:62)
	at sun.reflect.DelegatingMethodAccessorImpl.invoke(DelegatingMethodAccessorImpl.java:43)
	at java.lang.reflect.Method.invoke(Method.java:498)
	at org.testng.internal.MethodInvocationHelper.invokeMethod(MethodInvocationHelper.java:124)
	at org.testng.internal.Invoker.invokeMethod(Invoker.java:571)
	at org.testng.internal.Invoker.invokeTestMethod(Invoker.java:707)
	at org.testng.internal.Invoker.invokeTestMethods(Invoker.java:979)
	at org.testng.internal.TestMethodWorker.invokeTestMethods(TestMethodWorker.java:125)
	at org.testng.internal.TestMethodWorker.run(TestMethodWorker.java:109)
	at org.testng.TestRunner.privateRun(TestRunner.java:648)
	at org.testng.TestRunner.run(TestRunner.java:505)
	at org.testng.SuiteRunner.runTest(SuiteRunner.java:455)
	at org.testng.SuiteRunner.runSequentially(SuiteRunner.java:450)
	at org.testng.SuiteRunner.privateRun(SuiteRunner.java:415)
	at org.testng.SuiteRunner.run(SuiteRunner.java:364)
	at org.testng.SuiteRunnerWorker.runSuite(SuiteRunnerWorker.java:52)
	at org.testng.SuiteRunnerWorker.run(SuiteRunnerWorker.java:84)
	at org.testng.TestNG.runSuitesSequentially(TestNG.java:1187)
	at org.testng.TestNG.runSuitesLocally(TestNG.java:1116)
	at org.testng.TestNG.runSuites(TestNG.java:1028)
	at org.testng.TestNG.run(TestNG.java:996)
	at org.testng.remote.AbstractRemoteTestNG.run(AbstractRemoteTestNG.java:114)
	at org.testng.remote.RemoteTestNG.initAndRun(RemoteTestNG.java:251)
	at org.testng.remote.RemoteTestNG.main(RemoteTestNG.java:77)
</pre></div></td>
<td>0</td>
<td>com.test.automation.uiautomation.homepage.TC004_VerifywithDifferentRecords@32d2fa64</td></tr>
</table><p>
</body>
</html>