<?xml version="1.0" encoding="UTF-8"?>
<testng-results skipped="0" failed="0" ignored="0" total="1" passed="1">
  <reporter-output>
    <line>
      <![CDATA[org.openqa.selenium.NoSuchElementException: no such element: Unable to locate element: {"method":"id","selector":"id_gender1"}  (Session info: chrome=65.0.3325.181)  (Driver info: chromedriver=2.36.540470 (e522d04694c7ebea4ba8821272dbef4f9b818c91),platform=Windows NT 6.3.9600 x86_64) (WARNING: The server did not provide any stacktrace information)Command duration or timeout: 0 millisecondsFor documentation on this error, please visit: http://seleniumhq.org/exceptions/no_such_element.htmlBuild info: version: '3.10.0', revision: '176b4a9', time: '2018-03-02T19:03:16.397Z'System info: host: 'SANTY', ip: '192.168.56.1', os.name: 'Windows 8.1', os.arch: 'amd64', os.version: '6.3', java.version: '1.8.0_121'Driver info: org.openqa.selenium.chrome.ChromeDriverCapabilities {acceptInsecureCerts: false, acceptSslCerts: false, applicationCacheEnabled: false, browserConnectionEnabled: false, browserName: chrome, chrome: {chromedriverVersion: 2.36.540470 (e522d04694c7eb..., userDataDir: C:\Users\santhosh\AppData\L...}, cssSelectorsEnabled: true, databaseEnabled: false, handlesAlerts: true, hasTouchScreen: false, javascriptEnabled: true, locationContextEnabled: true, mobileEmulationEnabled: false, nativeEvents: true, networkConnectionEnabled: false, pageLoadStrategy: normal, platform: XP, platformName: XP, rotatable: false, setWindowRect: true, takesHeapSnapshot: true, takesScreenshot: true, unexpectedAlertBehaviour: , unhandledPromptBehavior: , version: 65.0.3325.181, webStorageEnabled: true}Session ID: bf87014ab3b1fd680ab98143c02889d6*** Element info: {Using=id, value=id_gender1}]]>
    </line>
  </reporter-output>
  <suite name="Default suite" duration-ms="86977" started-at="2018-03-29T06:38:08Z" finished-at="2018-03-29T06:39:35Z">
    <groups>
    </groups>
    <test name="Default test" duration-ms="86977" started-at="2018-03-29T06:38:08Z" finished-at="2018-03-29T06:39:35Z">
      <class name="com.test.automation.uiautomation.homepage.TC002_Registration">
        <test-method status="PASS" signature="setUp()[pri:0, instance:com.test.automation.uiautomation.homepage.TC002_Registration@42f93a98]" name="setUp" is-config="true" duration-ms="22360" started-at="2018-03-29T12:08:08Z" finished-at="2018-03-29T12:08:30Z">
          <reporter-output>
          </reporter-output>
        </test-method> <!-- setUp -->
        <test-method status="PASS" signature="beforeMethod(java.lang.reflect.Method)[pri:0, instance:com.test.automation.uiautomation.homepage.TC002_Registration@42f93a98]" name="beforeMethod" is-config="true" duration-ms="12" started-at="2018-03-29T12:08:30Z" finished-at="2018-03-29T12:08:30Z">
          <params>
            <param index="0">
              <value>
                <![CDATA[public void com.test.automation.uiautomation.homepage.TC002_Registration.registrationuser()]]>
              </value>
            </param>
          </params>
          <reporter-output>
          </reporter-output>
        </test-method> <!-- beforeMethod -->
        <test-method status="PASS" signature="registrationuser()[pri:0, instance:com.test.automation.uiautomation.homepage.TC002_Registration@42f93a98]" name="registrationuser" duration-ms="63404" started-at="2018-03-29T12:08:30Z" finished-at="2018-03-29T12:09:34Z">
          <reporter-output>
            <line>
              <![CDATA[org.openqa.selenium.NoSuchElementException: no such element: Unable to locate element: {"method":"id","selector":"id_gender1"}  (Session info: chrome=65.0.3325.181)  (Driver info: chromedriver=2.36.540470 (e522d04694c7ebea4ba8821272dbef4f9b818c91),platform=Windows NT 6.3.9600 x86_64) (WARNING: The server did not provide any stacktrace information)Command duration or timeout: 0 millisecondsFor documentation on this error, please visit: http://seleniumhq.org/exceptions/no_such_element.htmlBuild info: version: '3.10.0', revision: '176b4a9', time: '2018-03-02T19:03:16.397Z'System info: host: 'SANTY', ip: '192.168.56.1', os.name: 'Windows 8.1', os.arch: 'amd64', os.version: '6.3', java.version: '1.8.0_121'Driver info: org.openqa.selenium.chrome.ChromeDriverCapabilities {acceptInsecureCerts: false, acceptSslCerts: false, applicationCacheEnabled: false, browserConnectionEnabled: false, browserName: chrome, chrome: {chromedriverVersion: 2.36.540470 (e522d04694c7eb..., userDataDir: C:\Users\santhosh\AppData\L...}, cssSelectorsEnabled: true, databaseEnabled: false, handlesAlerts: true, hasTouchScreen: false, javascriptEnabled: true, locationContextEnabled: true, mobileEmulationEnabled: false, nativeEvents: true, networkConnectionEnabled: false, pageLoadStrategy: normal, platform: XP, platformName: XP, rotatable: false, setWindowRect: true, takesHeapSnapshot: true, takesScreenshot: true, unexpectedAlertBehaviour: , unhandledPromptBehavior: , version: 65.0.3325.181, webStorageEnabled: true}Session ID: bf87014ab3b1fd680ab98143c02889d6*** Element info: {Using=id, value=id_gender1}]]>
            </line>
          </reporter-output>
        </test-method> <!-- registrationuser -->
        <test-method status="PASS" signature="afterMethod(org.testng.ITestResult)[pri:0, instance:com.test.automation.uiautomation.homepage.TC002_Registration@42f93a98]" name="afterMethod" is-config="true" duration-ms="0" started-at="2018-03-29T12:09:34Z" finished-at="2018-03-29T12:09:34Z">
          <params>
            <param index="0">
              <value>
                <![CDATA[[TestResult name=registrationuser status=SUCCESS method=TC002_Registration.registrationuser()[pri:0, instance:com.test.automation.uiautomation.homepage.TC002_Registration@42f93a98] output=org.openqa.selenium.NoSuchElementException: no such element: Unable to locate element: {"method":"id","selector":"id_gender1"}  (Session info: chrome=65.0.3325.181)  (Driver info: chromedriver=2.36.540470 (e522d04694c7ebea4ba8821272dbef4f9b818c91),platform=Windows NT 6.3.9600 x86_64) (WARNING: The server did not provide any stacktrace information)Command duration or timeout: 0 millisecondsFor documentation on this error, please visit: http://seleniumhq.org/exceptions/no_such_element.htmlBuild info: version: '3.10.0', revision: '176b4a9', time: '2018-03-02T19:03:16.397Z'System info: host: 'SANTY', ip: '192.168.56.1', os.name: 'Windows 8.1', os.arch: 'amd64', os.version: '6.3', java.version: '1.8.0_121'Driver info: org.openqa.selenium.chrome.ChromeDriverCapabilities {acceptInsecureCerts: false, acceptSslCerts: false, applicationCacheEnabled: false, browserConnectionEnabled: false, browserName: chrome, chrome: {chromedriverVersion: 2.36.540470 (e522d04694c7eb..., userDataDir: C:\Users\santhosh\AppData\L...}, cssSelectorsEnabled: true, databaseEnabled: false, handlesAlerts: true, hasTouchScreen: false, javascriptEnabled: true, locationContextEnabled: true, mobileEmulationEnabled: false, nativeEvents: true, networkConnectionEnabled: false, pageLoadStrategy: normal, platform: XP, platformName: XP, rotatable: false, setWindowRect: true, takesHeapSnapshot: true, takesScreenshot: true, unexpectedAlertBehaviour: , unhandledPromptBehavior: , version: 65.0.3325.181, webStorageEnabled: true}Session ID: bf87014ab3b1fd680ab98143c02889d6*** Element info: {Using=id, value=id_gender1}]]]>
              </value>
            </param>
          </params>
          <reporter-output>
          </reporter-output>
        </test-method> <!-- afterMethod -->
        <test-method status="PASS" signature="endTest()[pri:0, instance:com.test.automation.uiautomation.homepage.TC002_Registration@42f93a98]" name="endTest" is-config="true" duration-ms="1165" started-at="2018-03-29T12:09:34Z" finished-at="2018-03-29T12:09:35Z">
          <reporter-output>
          </reporter-output>
        </test-method> <!-- endTest -->
      </class> <!-- com.test.automation.uiautomation.homepage.TC002_Registration -->
    </test> <!-- Default test -->
  </suite> <!-- Default suite -->
</testng-results>
